  437  ls
  438  cd Workspace/
  439  cd Udacity/
  440  cd BerteslmannDevOps/
  441  cd A
  442  ls
  443  cd KEYS_AWS/
  444  cat aws_cli_userredentials.csv 
  445  aws cofigure
  446  cat aws_cli_userredentials.csv 
  447  aws configure
  448  aws s3 ls
  449  exit
  450  ls
  451  cd Workspace/Udacity/BerteslmannDevOps/
  452  ls
  453  cd CloudFormation/
  454  ls
  455  bash
  456  aws cloudformation --create-stack --stack-name template1 --stack-body file://cfl1.yml --parameters file://cfl1-parameters.json
  457  aws cloudformation create-stack --stack-name template1 --template-body file://cfl1.yml --parameters file://cfl1-parameters.json
  458  aws cloudformation update-stack --stack-name template1 --template-body file://cfl1.yml --parameters file://cfl1-parameters.json
  459  aws cloudformation create-stack --stack-name template1 --template-body file://cfl1.yml --parameters file://cfl1-parameters.json
  460  shutdown now
  461  git tag -a v1.0
  462  git tah
  463  git tag
  464  git log --decorate
  465  git log --decorate --online
  466  git log --decorate --oneline
  467  git log --decorate --oneline ---graph
  468  git log
  469  git log --decorate
  470  git tag -d v1.0 
  471  git log
  472  cd
  473  ls -lart
  474  ls -ltr .bash
  475  ls -lart
  476  restart
  477  ls
  478  cd Workspace/Udacity/
  479  ls
  480  cd BerteslmannDevOps/
  481  ls
  482  cd CloudFormation/
  483  ls
  484  cd ../
  485  ls
  486  cd CloudFormation/
  487  ls
  488  cat create_cf_stack.sh 
  489  git init
  490  git remote add origin git@github.com:pm17/BertelsmannCode.git
  491  git remote -v
  492  git add .
  493  git commit -m "CloudFormation Scripts"
  494  git push origin master
  495  git pull origin 
  496  git pull origin master
  497  git push origin master
  498  git add .
  499  git commit -m "CloudFormation Scripts"
  500  git push origin master
  501  git status
  502  pwd
  503  ls
  504  git lo
  505  git log 
  506  git stash
  507  git pull origin master
  508  git status
  509  git log 
  510  git merge --allow-unrelated-histories
  511  git pull origin master
  512  git pull origin master --allow-unrelated-histories
  513  git status
  514  git push origin master
  515  ld
  516  ls
  517  git
  518  ls -la
  519  cd .git/
  520  ls
  521  cat config 
  522  cd ..
  523  ls
  524  bash
  525  cd Workspace/Udacity/
  526  cd BerteslmannDevOps/
  527  ls
  528  cd CloudFormation/
  529  ls
  530  exit
  531  quit
  532  exit()
  533  cd
  534  ls -lart
  535  cat .sudo_as_admin_successful 
  536  cd .aws/
  537  ls -a
  538  cat credentials 
  539  cat config 
  540  d
  541  cd
  542  cd Workspace/Udacity/BerteslmannDevOps/CloudFormation/
  543  ls
  544  ls -a
  545  git branch project
  546  git branch 
  547  git log --oneline --decorate
  548  git branch -v
  549  ls
  550  cat create_cf_stack.sh 
  551  ls
  552  bash create_cf_stack.sh
  553  cat create_cf_stack.sh 
  554  bash create_cf_stack.sh
  555  git log --oneline --decorate -all
  556  git log --oneline --decorate --all
  557  git log --oneline --decorate --graph
  558  git checkout project 
  559  ls
  560  mkdir test.sh
  561  rm test.sh/
  562  rm -rvtest.sh/
  563  rm -rv test.sh/
  564  touch test.sh
  565  git log
  566  git diff
  567  git log --stat
  568  git log -p
  569  git show --diff
  570  git diff
  571  git status
  572  git add .
  573  git diff
  574  git status
  575  vi test.sh 
  576  git status
  577  git diff
  578  git shortlog 
  579  git shortlog -s -n
  580  git add .
  581  git commit -m "CloudFormation Scripts"
  582  git push origin master
  583  git commit -m "CloudFormation Scriptss"
  584  sudo apt-get update
  585  sudo apt-get upgrade
  586  sudo -H gedit /usr/share/gnome-shell/theme/ubuntu.css
  587  git init
  588  git remote add origin git@github.com:pm17/DevOpsWorkspace.git
  589  git remote -v
  590  git status
  591  ls
  592  cd AWS/
  593  touch .keep
  594  cd ../
  595  cd Container/
  596  ls
  597  touch .keep
  598  cd ../
  599  cd Jenkins/
  600  ls
  601  touch .keep
  602  ls
  603  cd ..
  604  cd K8
  605  ls
  606  cd ../
  607  ls
  608  git status
  609  git add .
  610  git status
  611  git add .
  612  git commit -m "Adding the DevOps learning code to the repo"
  613  git push origin master
  614  ps
  615  pa
  616  ps
  617  ps -aef 
  618  ps help
  619  sudo apt-get update
  620  sudo apt-get upgrade
  621  ls
  622  git statsus
  623  git status
  624  cd ..
  625  git stauts
  626  git status
  627  git add .
  628  git push origin master
  629  git status
  630  git commit -m "Changes in the pod-definition"
  631  git push origin master
  632  cd ..
  633  ls
  634  cd DevOps/
  635  ls
  636  git remote -v
  637  touch WorkingProgress.log
  638  git status
  639  git add .
  640  git commit -m "21DaysOfDevOps:Update"
  641  git push origin master
  642  ls
  643  cd ../
  644  ls
  645  git status
  646  git add .
  647  git commit -m "Update progress"
  648  git push origin master
  649  node js
  650  node --version
  651  which pkg
  652  sudo apt install node
  653  sudo apt install nodejs
  654  node --version
  655  pkg install node
  656  ls
  657  cd Downloads/
  658  ls
  659  cd node-v12.16.1-linux-x64/
  660  ls
  661  cd ..
  662  apt install pkg
  663  sudo apt install pkg
  664  sudo apt install npm
  665  npm --version
  666  npm -ls
  667  npm ls
  668  cd
  669  sudo apt-get update
  670  sudo apt-get upgrade
  671  sudo shutdown
  672  sudo shutdown now
  673  ls
  674  cd Workspace/
  675  ls
  676  mkdir React
  677  ls
  678  cd React/
  679  ls
  680  ls ltr
  681  ls -ltr
  682  npx create-react-app my-app
  683  npm create-react-app my-app
  684  node -version
  685  node --version
  686  npm --version
  687  sudo npm install -g npm
  688  npm --version
  689  sudo npm install -g npm
  690  npm --version
  691  sudo npm install -g npm
  692  npm --version
  693  restart
  694  exit
  695  cd Workspace/React/
  696  ls
  697  npm --version
  698  npx create-react-app my-app
  699  ls -lrt
  700  npx create-react-app my-app
  701  ls
  702  cd my-app/
  703  ls
  704  npm start
  705  ls
  706  cd src/
  707  ls
  708  rm -rf
  709  ls 
  710  rm -rf *
  711  ls
  712  touch index.css
  713  touch index.js
  714  l
  715  ls
  716  cd ..
  717  npm start
  718  vi /home/mourya/.npm/_logs/2020-03-14T19_39_38_387Z-debug.log
  719  npm install -g npm@latest
  720  sudo npm install -g npm@latest
  721  ls
  722  rm -rf node_modules/
  723  ls
  724  npm install
  725  npm start
  726  ls
  727  cd ../
  728  ls
  729  ls -tr
  730  ls -ltr
  731  rm -rf my-app/
  732  ls
  733  npx create-react-app my-app
  734  ls
  735  cd my-app/
  736  ls
  737  npm start
  738  ls
  739  cd src/
  740  ls
  741  rm -rf
  742  ls
  743  rm -rf *
  744  ls
  745  touch index.css
  746  touch index.js
  747  ls
  748  ls -ltr
  749  npm start
  750  ls
  751  cd ../../
  752  ls
  753  cd my-app/
  754  ls
  755  npm start
  756  ls
  757  rm -rf node_modules/
  758  npm install
  759  npm start
  760  cd ../
  761  ls 
  762  git status
  763  cd De
  764  cd ..
  765  ls
  766  cd DevOps/
  767  ls
  768  git status
  769  git log
  770  shutdown now
  771  ls
  772  shutdown -r 
  773  ls
  774  cd Workspace/
  775  ls
  776  cd DevOps/
  777  ls
  778  cd Container/
  779  ls
  780  mkdir dockerfile
  781  rm rf *
  782  rm -rf *
  783  mkdir example1
  784  cd example1/
  785  mkdir Dockerfile
  786  vi Dockerfile/
  787  vi Dockerfile
  788  rm -rf
  789  vi Dockerfile
  790  c
  791  dcd
  792  cd
  793  ls -lart
  794  rm -rf .udacity-terminal-config/
  795  ls -ltr
  796  cd Workspace/DevOps/
  797  cd Container/example1/
  798  s
  799  ;ls
  800  ls
  801  vi Dockerfile/
  802  cd Workspace/DevOps/
  803  sl
  804  ls
  805  cd Container/example1/
  806  ls
  807  vi Dockerfile/
  808  rm -rf *
  809  ls
  810  vi Dockerfile
  811  docker build --tag example1 .
  812  vi Dockerfile
  813  docker build --tag example1 .
  814  vi Dockerfile
  815  shutdwon now
  816  shutdwon 
  817  shutdown now
  818  sudo apt-get update
  819  sudo apt-key adv --keyserver keyserver.ubuntu.com --recv-key FDC247B7
  820  echo 'deb https://repo.windscribe.com/ubuntu zesty main' | sudo tee /etc/apt/sources.list.d/windscribe-repo.list
  821  sudo apt-get udpate
  822  sudo apt-get update
  823  sudo apt-get install windscribe-cli
  824  windscribe login
  825  windscribe connect
  826  windscribe disconnect
  827  windscribe firewall
  828  windscribe locations
  829  windscribe proxy
  830  windscribe help
  831  windscribe --help
  832  windscribe examples
  833  windscribe connect US
  834  windscribe disconn
  835  windscribe disconnect
  836  windscribe connect US
  837  windscribe disconnect
  838  windscribe connect US
  839  windscribe disconnect
  840  windscribe connect US
  841  windscribe disconnect
  842  ls
  843  cd Workspace/
  844  ls
  845  cd DevOps/
  846  ls
  847  mkdir Web
  848  cd Web/
  849  ls
  850  git clone git@github.com:pm17/Task-List.git
  851  cd 
  852  cd Workspace/
  853  l
  854  ls
  855  mkdir Web
  856  cd Web/
  857  git clone git@github.com:pm17/Task-List.git
  858  ls
  859  cd Task-List/
  860  ls
  861  brave index.html 
  862  cd ../
  863  ls
  864  git status
  865  git add >
  866  git add .
  867  git commit -m "DevOps Engineer ND"
  868  git push origin master
  869  aws cli
  870  aws -v
  871  aws --version
  872  aws2 --version
  873  aws2 s3 ls
  874  aws s3 ls
  875  ifconfig
  876  sudo apt install net-tools
  877  ifconfig
  878  ifconfig -head 10
  879  ifconfig | -head 10
  880  ifconfig | head 10
  881  ifconfig | head -10
  882  aws2 list-policies
  883  s
  884  ls
  885  cd Workspace/
  886  ls
  887  git status
  888  cd DevOps/
  889  ls
  890  git status
  891  git add .
  892  git commit -am "work"
  893  git push origin master
  894  ls
  895  git status
  896  git push origin master
  897  cd Workspace/
  898  cd Confidential/
  899  ls
  900  cd KEYS_AWS/
  901  ls
  902  cat jenkins_cli_credentials.csv 
  903  ls
  904  cd Workspace/Confidential/
  905  ls
  906  cd KEYS_AWS/
  907  ls
  908  mv jenkinsuser.pem ../ssh_keys/.
  909  cd ../
  910  ls
  911  mkdir ssh_key
  912  cd KEYS_AWS/
  913  mv jenkinsuser.pem ../ssh_keys/.
  914  cd ..
  915  cd ssh_key/
  916  ls
  917  ls -ltr
  918  chmod 400 jenkinsuser.pem 
  919  ls -ltr
  920  ssh -i "jenkinsuser.pem" ubuntu@10.0.0.159
  921  ssh -i "jenkinsuser.pem" jenkins@10.0.0.159
  922  ls
  923  chmod 400 jenkinsuser.pem
  924  ls -ltr
  925  ssh -i "jenkinsuser.pem" ubuntu@10.0.0.159
  926  ssh -i "jenkinsuser.pem" ubuntu@13.235.74.139
  927  ifconfig
  928  ifconfig | head -10
  929  ls
  930  cd Workspace/
  931  ls
  932  cd Confidential/
  933  ls
  934  cd ssh_key/
  935  ls
  936  ls -ltr
  937  ssh -i "jenkinsuser.pem" ubuntu@13.126.221.133
  938  ssh -vvv -i "jenkinsuser.pem" ubuntu@13.126.221.133
  939  ping 13.126.221.133
  940  ssh -vvv -i "jenkinsuser.pem" ubuntu@13.126.221.133
  941  history
  942  ssh -vvv -i "jenkinsuser.pem" ubuntu@13.126.111.108
  943  ls
  944  cd Workspace/
  945  ls
  946  cd DevOps/
  947  ls
  948  cd ../
  949  mkdir DevOpsND
  950  ls
  951  cd DevOps
  952  cd ../
  953  cd DevOpsND/
  954  ls
  955  git@github.com:pm17/UdacityBlueOcean.git
  956  git clone git@github.com:pm17/UdacityBlueOcean.git
  957  ls -ltr
  958  git clone https://github.com/udacity/nd9991-c3-Build-CI-CD-Pipelines-Monitoring-and-Logging-v1
  959  ls
  960  cd nd9991-c3-Build-CI-CD-Pipelines-Monitoring-and-Logging-v1/
  961  ls
  962  git remote -v
  963  git remote add origin git@github.com:pm17/UdacityBlueOcean.git
  964  ls
  965  git commit -am "Udacity Blue Ocean Repo"
  966  git remote add porigin git@github.com:pm17/UdacityBlueOcean.git
  967  git push proigin -all
  968  git push proigin --all
  969  git push porigin --all
  970  ls -ltr
  971  cat Jenkinsfile 
  972  cat index.html 
  973  git fetch origin --all
  974  git fetch
  975  git branch
  976  git branch -v
  977  git branch -all
  978  git branch --all
  979  cd Workspace/
  980  ls
  981  cd Confidential/
  982  ls
  983  cd ssh_key/
  984  ls
  985  ssh -i "jenkinsuser.pem" ubuntu@ec2-13-126-111-108.ap-south-1.compute.amazonaws.com
  986  cd Workspace/Confidential/
  987  cd ssh_key/
  988  ssh -i "jenkinsuser.pem" ubuntu@ec2-13-126-111-108.ap-south-1.compute.amazonaws.com
  989  ls -ltr
  990  ssh -i "jenkinsuser.pem" ubuntu@ec2-13-126-111-108.ap-south-1.compute.amazonaws.com
  991  ssh -vvv -i "jenkinsuser.pem" ubuntu@ec2-13-126-111-108.ap-south-1.compute.amazonaws.com
  992  ls
  993  cd Workspace/
  994  ls
  995  cd DevOpsND/
  996  ls
  997  cd nd9991-c3-Build-CI-CD-Pipelines-Monitoring-and-Logging-v1/
  998  ls
  999  git branch --all
 1000  git -b Development
 1001  git branch Development
 1002  git branch --all
 1003  git branch -b Development
 1004  git checkout development
 1005  git checkout -b development
 1006  ls
 1007  git status
 1008  git branch
 1009  git status
 1010  git log
 1011  git push porigin master
 1012  git pull porigin master
 1013  git status
 1014  git commit -am "branching" 
 1015  git push porigin development 
 1016  ls
 1017  cd Workspace/
 1018  ls
 1019  cd Confidential/
 1020  ls
 1021  cd KEYS_AWS/
 1022  ls
 1023  cat jenkins
 1024  cat jenkinsuser.pem 
 1025  Q;
 1026  ls
 1027  cat jenkins_cli_credentials.csv 
 1028  cd
 1029  cd Workspace/
 1030  ls
 1031  cd DevOpsND/
 1032  ls
 1033  git clone https://github.com/pm17/static.git
 1034  git clone git@github.com:pm17/static.git
 1035  ls
 1036  cd static/
 1037  ls
 1038  git status
 1039  git commit -am "P3"
 1040  git add .
 1041  git status
 1042  git commit -am "P3"
 1043  git push origin master
 1044  cd Workspace/
 1045  ls
 1046  cd Confidential/
 1047  ls
 1048  cd KEYS_AWS/
 1049  ls
 1050  cat jenkins_cli_credentials.csv 
 1051  cd
 1052  ls
 1053  cd Workspace/
 1054  ls
 1055  cd DevOpsND/
 1056  ls
 1057  cd static/
 1058  ls
 1059  git pull origin master
 1060  git add .
 1061  git commit -am "P3"
 1062  git push origin master
 1063  ls
 1064  git status
 1065  git add .
 1066  git commit -m "Changes in Index and Jenkinsfile"
 1067  git push origin master
 1068  git status
 1069  git commit -am "error in index.html"
 1070  git push origin master
 1071  git add .
 1072  git commit -m "error removed"
 1073  git push origin master
 1074  cd
 1075  sudo apt-get update
 1076  sudo apt-get -y upgrade
 1077  sudo system restart 
 1078  sudo restart
 1079  shutdown -now
 1080  man shutdown
 1081  shutdown -r
 1082  man brave
 1083  sudo apt-get update
 1084  systemctl brave restart
 1085  which brave
 1086  man brave
 1087  locate brave*
 1088  locate *brave*
 1089  man brave-browser
 1090  which brave-browser
 1091  brave-browser
 1092  git clone git@github.com:pm17/Cloudformation-p2.git
 1093  ls
 1094  cd Cloudformation-p2/
 1095  ls
 1096  which scp
 1097  exit
 1098  aws region
 1099  ls
 1100  ls
 1101  bash create_cf_stack.sh devops-nd-project2 network.yml network-parameters.json 
 1102  bash update_cf_stack.sh devops-nd-project2 network.yml network-parameters.json 
 1103  bash create_cf_stack.sh devops-nd-project2 network.yml network-parameters.json 
 1104  bash update_cf_stack.sh devops-nd-project2 network.yml network-parameters.json 
 1105  bash create_cf_stack.sh devops-nd-project2 network.yml network-parameters.json 
 1106  bash create_cf_stack.sh devops-nd-project2 servers.yml servers-parameters.json 
 1107  bash create_cf_stack.sh devops-nd-project2-server servers.yml servers-parameters.json 
 1108  bash update_cf_stack.sh devops-nd-project2-server servers.yml servers-parameters.json 
 1109  bash delete_cf_stack.sh devops-nd-project2-server
 1110  bash delete_cf_stack.sh devops-nd-project2
 1111  aws s3 cp s3://udacity-devopsnd-p3/web-resume.zip .
 1112  ls
 1113  unzip -o udacity.zip
 1114  unzip -o web-resume.zip
 1115  l
 1116  ls
 1117  rm -rf web-resume*
 1118  ls -ltr
 1119  ls
 1120  mkdir temp
 1121  cd temp/
 1122  aws s3 cp s3://udacity-devopsnd-p3/web-resume.zip .
 1123  unzip -o web-resume.zip .
 1124  unzip -o web-resume.zip 
 1125  ls
 1126  mv web-resume/index.html .
 1127  ls
 1128  mv web-resume/. .
 1129  mv web-resume/* .
 1130  ls
 1131  rm -rf web-resume*
 1132  ls
 1133  ls -ltr
 1134  rm -rf temp/
 1135  ls -ltr
 1136  bash delete_cf_stack.sh devops-nd-project2
 1137  ls -ltr
 1138  bash create_cf_stack.sh devops-nd-project2 network.yml network-parameters.json 
 1139  bash create_cf_stack.sh devops-nd-project2-server servers.yml servers-parameters.json 
 1140  bash update_cf_stack.sh devops-nd-project2-server servers.yml servers-parameters.json 
 1141  bash delete_cf_stack.sh devops-nd-project2
 1142  bash delete_cf_stack.sh devops-nd-project2-server
 1143  bash delete_cf_stack.sh devops-nd-project2
 1144  wget https://udacity-devops-resume-website.s3.ap-south-1.amazonaws.com/
 1145  wget https://udacity-devops-resume-website.s3.ap-south-1.amazonaws.com/index.html
 1146  ls
 1147  rm -rf index.html 
 1148  cd Workspace/
 1149  ls
 1150  cd Web/
 1151  ls
 1152  cd ../
 1153  ls
 1154  cd DevOps
 1155  ls
 1156  cd CloudDevOpsNd/
 1157  ls
 1158  ls -ltr
 1159  ls
 1160  git status
 1161  git add .
 1162  ls
 1163  cd Project
 1164  cd Project2
 1165  ls
 1166  ls pltr
 1167  cd Cloudformation-p2/
 1168  ls -lart
 1169  rm -rf .git/
 1170  ls
 1171  cd ../
 1172  ls
 1173  git add 
 1174  git add .
 1175  git commit -m "Project2-CloudFormation"
 1176  git push origin master
 1177  cd
 1178  cd C
 1179  cd Workspace/Confidential/
 1180  ls
 1181  cd ssh_key/
 1182  ssh -i "jenkinsuser.pem" ubuntu@ec2-15-206-27-136.ap-south-1.compute.amazonaws.com
 1183  apt-get install unzip
 1184  sudo su -
 1185  ls
 1186  bash create_cf_stack.sh devops-nd-project2 network.yml network-parameters.json 
 1187  bash create_cf_stack.sh devops-nd-project2-server servers.yml servers-parameters.json 
 1188  bash update_cf_stack.sh devops-nd-project2-server servers.yml servers-parameters.json 
 1189  bash create_cf_stack.sh devops-nd-project2-server servers.yml servers-parameters.json 
 1190  bash update_cf_stack.sh devops-nd-project2-server servers.yml servers-parameters.json 
 1191  bash delete_cf_stack.sh devops-nd-project2
 1192  bash delete_cf_stack.sh devops-nd-project2-server
 1193  bash create_cf_stack.sh devops-nd-project2-server servers.yml servers-parameters.json 
 1194  bash delete_cf_stack.sh devops-nd-project2-server
 1195  bash delete_cf_stack.sh devops-nd-project2
 1196  history
 1197  git status 
 1198  git diff
 1199  git add .
 1200  git commit
 1201  git push origin master
 1202  git status
 1203  git add .
 1204  git commit -m "fixed the laod balancer Health check port"
 1205  git push origin master
 1206  git remote -v
 1207  git remote remove origin 
 1208  git remote add origin git@github.com:parveshmourya/Cloudformation-p2.git
 1209  ls
 1210  bash create_cf_stack.sh devops-nd-project2 network.yml network-parameters.json
 1211  bash create_cf_stack.sh devops-nd-project2-server servers.yml servers-parameters.json 
 1212  bash create_cf_stack.sh devops-nd-project2 network.yml network-parameters.json
 1213  bash create_cf_stack.sh devops-nd-project2-server servers.yml servers-parameters.json 
 1214  pwd
 1215  git commit -am "final fixes of Readme to submit project, added url of site"
 1216  git push origin master
 1217  git status
 1218  git add .
 1219  gti commit -m "Project2"
 1220  git commit -m "Project2"
 1221  git push origin master
 1222  git commit -am "Readme.md updated"
 1223  git push origin master
 1224  eit
 1225  sudo apt-get update -y
 1226  which python3
 1227  python2 -m venv udacity
 1228  python3 -m venv udacity
 1229  apt-get install python3-venv
 1230  sudo apt-get install python3-venv
 1231  ls
 1232  python3 -m venv udacity
 1233  source udacity/bin/activate
 1234  pip install --upgrade pip
 1235  pip install pylint
 1236  pip install pytest ipython -y
 1237  pip install pytest ipython 
 1238  ls
 1239  cd Workspace/
 1240  ls
 1241  cd DevOps
 1242  ls
 1243  cd ./
 1244  cd ../
 1245  ls
 1246  cd DevOpsND/
 1247  ls
 1248  mkdir lesson4
 1249  cd lesson4/
 1250  ls
 1251  vim Makefile
 1252  vim requirements.txt
 1253  make install
 1254  vim Makefile
 1255  make install
 1256  docker --version
 1257  ls
 1258  cd ../
 1259  ls
 1260  git clone git@github.com:parveshmourya/DevOps_Microservices.git
 1261  ls
 1262  cd DevOps_Microservices/
 1263  ls
 1264  cd Lesson-3-Containerization/
 1265  ls
 1266  vim Dockerfile
 1267  ls
 1268  cd flask_app/
 1269  ls
 1270  cd ../
 1271  ls
 1272  ls -ltr
 1273  vi circle.yml 
 1274  vim Dockerfile 
 1275  sysctl -a | grep machdep.cpu.features
 1276  sudo sysctl -a | grep machdep.cpu.features
 1277  cela
 1278  clear
 1279  kubectl
 1280  sudo sysctl -a | grep machdep.cpu.features
 1281  sudo sysctl -a | grep machdep.cpu.features | grep vm
 1282  curl -LO https://storage.googleapis.com/kubernetes-release/release/`curl -s https://storage.googleapis.com/kubernetes-release/release/stable.txt`/bin/linux/amd64/kubectl
 1283  kubectl
 1284  chmod +x ./kubectl
 1285  sudo mv ./kubectl /usr/local/bin/kubectl
 1286  kubectl version --client
 1287  kubectk
 1288  kubectl
 1289  ls
 1290  mv udacity/ ./udacity/
 1291  mv -r udacity/ ./udacity/
 1292  mv -r udacity/ .udacity/
 1293  mv udacity/ .udacity/
 1294  ls -ltr
 1295  mv hadolint-Linux-x86_64 hadolint-Linux
 1296  exit
 1297  which stack
 1298  sudo apt-get install stck
 1299  sudo apt-get install stack
 1300  ls
 1301  cd Workspace/
 1302  ls
 1303  cd DevOps
 1304  ls
 1305  cd ../
 1306  ls
 1307  cd DevOpsND/
 1308  ls
 1309  ls -ltr
 1310  cd DevOps_Microservices/
 1311  ls
 1312  ls -ltr
 1313  cd project-ml-microservice-kubernetes/
 1314  ls
 1315  l
 1316  ls
 1317  ls -ltr
 1318  cd
 1319  cd Workspace/
 1320  ls
 1321  cd DevOpsND/
 1322  ;s
 1323  lls
 1324  ls
 1325  git clone git@github.com:parveshmourya/DevOpsND-P4.git
 1326  ls
 1327  cd DevOpsND-P4/
 1328  python3 -m venv ~/.devops
 1329  source ~/.devops/bin/activate
 1330  ls
 1331  cd project-ml-microservice-kubernetes/
 1332  ls
 1333  cat Makefile 
 1334  make install
 1335  docker --version
 1336  sl
 1337  l
 1338  ls
 1339  curl -sSL https://get.haskellstack.org/ | sh
 1340  echo $PATH=$PATH;/home/mourya/.local/bin
 1341  cd
 1342  cd Do
 1343  cd Downloads/
 1344  sl
 1345  ls
 1346  cd hadolint-1.17.5/
 1347  stack install
 1348  eit()
 1349  source ~/.devops/bin/activate
 1350  cd Downloads/
 1351  ls
 1352  cd hadolint-1.17.5/
 1353  ls
 1354  stack install
 1355  en
 1356  venv
 1357  env
 1358  PATH=$PATH:/home/mourya/.local/bin
 1359  env | grep path
 1360  env | grep PATH
 1361  c
 1362  cd
 1363  cd Workspace/
 1364  cd DevOpsND/DevOpsND-P4/project-ml-microservice-kubernetes/
 1365  ls
 1366  make lint
 1367  sudo apt-get install pylint
 1368  make lint
 1369  ls
 1370  cat Makefile 
 1371  ls
 1372  cat requirements.txt 
 1373  which pylint
 1374  which python
 1375  python --version
 1376  hadolint
 1377  make lint
 1378  vi Makefile 
 1379  make lint
 1380  ls
 1381  vi app.py 
 1382  python3
 1383  pylint --generate-rcfile > .pylintrc
 1384  vi .pylintrc 
 1385  make lint
 1386  vi .pylintrc 
 1387  make lint --disable=W1202
 1388  vi Makefile 
 1389  make lint
 1390  ls
 1391  vi Makefile 
 1392  make lint
 1393  vi app.py 
 1394  make lint
 1395  vi app.py 
 1396  make lint
 1397  vi Makefile 
 1398  make lint
 1399  vi app.py 
 1400  rm -rf .pylintrc 
 1401  make lint
 1402  vi Makefile 
 1403  ls -lart
 1404  vi Makefile 
 1405  pylint --disable=R,C,W1202,W1203 app.py
 1406  pip3 install pylint
 1407  pylint --disable=R,C,W1202,W1203 app.py
 1408  vi Makefile
 1409  vi app.py 
 1410  make lint
 1411  grep -E --color 'vmx|svm' /proc/cpuinfo
 1412  kubectl
 1413  cat /etc/apt/sources.list
 1414  deb [arch=amd64] https://download.virtualbox.org/virtualbox/debian bionic contrib
 1415  sudo vi /etc/apt/sources.list
 1416  sudo vi /etc/apt/sources.listwget -q https://www.virtualbox.org/download/oracle_vbox_2016.asc -O- | sudo apt-key add -
 1417  wget -q https://www.virtualbox.org/download/oracle_vbox.asc -O- | sudo apt-key add -
 1418  wget -q https://www.virtualbox.org/download/oracle_vbox_2016.asc -O- | sudo apt-key add -
 1419  wget -q https://www.virtualbox.org/download/oracle_vbox.asc -O- | sudo apt-key add -
 1420  sudo apt-get update
 1421  sudo apt-get install virtualbox-6.1
 1422  curl -Lo minikube https://storage.googleapis.com/minikube/releases/latest/minikube-linux-amd64   && chmod +x minikube
 1423  sudo mkdir -p /usr/local/bin/
 1424  sudo install minikube /usr/local/bin/
 1425  ls
 1426  ls -ltr
 1427  historu
 1428  history
 1429  :q
 1430  history >commands.log
 1431  vi commands.log 
 1432  minikube start --driver=virtualbox
 1433  minikube status
 1434  minikube stop
 1435  top
 1436  history >commands.log
